<?xml version="1.0" encoding="UTF-8"?>
<!-- Generated by org.testng.reporters.JUnitXMLReporter -->
<testsuite hostname="DESKTOP-U0MKK7L" ignored="0" name="SearchProduct" tests="2" failures="0" timestamp="02 nov 2020 17:06:45 GMT" time="20.301" errors="0">
  <testcase name="runScenario" time="5.777" classname="cucumber.api.testng.AbstractTestNGCucumberTests"/>
  <testcase name="runScenario" time="5.583" classname="cucumber.api.testng.AbstractTestNGCucumberTests"/>
</testsuite> <!-- SearchProduct -->
