<?xml version="1.0" encoding="UTF-8"?>
<testng-results skipped="0" failed="0" ignored="0" total="2" passed="2">
  <reporter-output>
  </reporter-output>
  <suite name="amazon-dashboard-automation" duration-ms="20301" started-at="2020-11-02T17:06:24Z" finished-at="2020-11-02T17:06:45Z">
    <groups>
      <group name="cucumber">
        <method signature="AbstractTestNGCucumberTests.runScenario(cucumber.api.testng.PickleEventWrapper, cucumber.api.testng.CucumberFeatureWrapper)[pri:0, instance:com.amazon.AppTestRun@5e3a8624]" name="runScenario" class="cucumber.api.testng.AbstractTestNGCucumberTests"/>
      </group> <!-- cucumber -->
    </groups>
    <test name="SearchProduct" duration-ms="20301" started-at="2020-11-02T17:06:24Z" finished-at="2020-11-02T17:06:45Z">
      <class name="com.amazon.AppTestRun">
        <test-method status="PASS" signature="cleanResources()[pri:0, instance:com.amazon.AppTestRun@5e3a8624]" name="cleanResources" is-config="true" duration-ms="352" started-at="2020-11-02T17:06:24Z" finished-at="2020-11-02T17:06:25Z">
          <reporter-output>
          </reporter-output>
        </test-method> <!-- cleanResources -->
        <test-method status="PASS" signature="setUpClass()[pri:0, instance:com.amazon.AppTestRun@5e3a8624]" name="setUpClass" is-config="true" duration-ms="91" started-at="2020-11-02T17:06:25Z" finished-at="2020-11-02T17:06:25Z">
          <reporter-output>
          </reporter-output>
        </test-method> <!-- setUpClass -->
        <test-method status="PASS" signature="startBrowser(java.lang.String)[pri:0, instance:com.amazon.AppTestRun@5e3a8624]" name="startBrowser" is-config="true" duration-ms="3894" started-at="2020-11-02T17:06:25Z" finished-at="2020-11-02T17:06:29Z">
          <params>
            <param index="0">
              <value>
                <![CDATA[Chrome]]>
              </value>
            </param>
          </params>
          <reporter-output>
          </reporter-output>
        </test-method> <!-- startBrowser -->
        <test-method status="PASS" signature="runScenario(cucumber.api.testng.PickleEventWrapper, cucumber.api.testng.CucumberFeatureWrapper)[pri:0, instance:com.amazon.AppTestRun@5e3a8624]" name="runScenario" duration-ms="5777" started-at="2020-11-02T17:06:29Z" description="Runs Cucumber Scenarios" data-provider="scenarios" finished-at="2020-11-02T17:06:34Z">
          <params>
            <param index="0">
              <value>
                <![CDATA["Code - Get List of Best Sellers for specific products"]]>
              </value>
            </param>
            <param index="1">
              <value>
                <![CDATA["Search products in amazon dashboard"]]>
              </value>
            </param>
          </params>
          <reporter-output>
          </reporter-output>
        </test-method> <!-- runScenario -->
        <test-method status="PASS" signature="quitDriver()[pri:0, instance:com.amazon.AppTestRun@5e3a8624]" name="quitDriver" is-config="true" duration-ms="635" started-at="2020-11-02T17:06:34Z" finished-at="2020-11-02T17:06:35Z">
          <reporter-output>
          </reporter-output>
        </test-method> <!-- quitDriver -->
        <test-method status="PASS" signature="startBrowser(java.lang.String)[pri:0, instance:com.amazon.AppTestRun@5e3a8624]" name="startBrowser" is-config="true" duration-ms="3152" started-at="2020-11-02T17:06:35Z" finished-at="2020-11-02T17:06:38Z">
          <params>
            <param index="0">
              <value>
                <![CDATA[Chrome]]>
              </value>
            </param>
          </params>
          <reporter-output>
          </reporter-output>
        </test-method> <!-- startBrowser -->
        <test-method status="PASS" signature="runScenario(cucumber.api.testng.PickleEventWrapper, cucumber.api.testng.CucumberFeatureWrapper)[pri:0, instance:com.amazon.AppTestRun@5e3a8624]" name="runScenario" duration-ms="5583" started-at="2020-11-02T17:06:38Z" description="Runs Cucumber Scenarios" data-provider="scenarios" finished-at="2020-11-02T17:06:44Z">
          <params>
            <param index="0">
              <value>
                <![CDATA["Code - Get List of Best Sellers for specific products"]]>
              </value>
            </param>
            <param index="1">
              <value>
                <![CDATA["Search products in amazon dashboard"]]>
              </value>
            </param>
          </params>
          <reporter-output>
          </reporter-output>
        </test-method> <!-- runScenario -->
        <test-method status="PASS" signature="quitDriver()[pri:0, instance:com.amazon.AppTestRun@5e3a8624]" name="quitDriver" is-config="true" duration-ms="739" started-at="2020-11-02T17:06:44Z" finished-at="2020-11-02T17:06:44Z">
          <reporter-output>
          </reporter-output>
        </test-method> <!-- quitDriver -->
        <test-method status="PASS" signature="tearDownClass()[pri:0, instance:com.amazon.AppTestRun@5e3a8624]" name="tearDownClass" is-config="true" duration-ms="31" started-at="2020-11-02T17:06:44Z" finished-at="2020-11-02T17:06:45Z">
          <reporter-output>
          </reporter-output>
        </test-method> <!-- tearDownClass -->
      </class> <!-- com.amazon.AppTestRun -->
    </test> <!-- SearchProduct -->
  </suite> <!-- amazon-dashboard-automation -->
</testng-results>
