<?xml version="1.0" encoding="UTF-8" ?>
<testsuite tests="6" failures="1" name="com.amazon.TestRun" time="4.655" errors="0" skipped="5">
  <properties>
[...]
</properties>
  <testcase classname="com.amazon.TestRun" name="startBrowser" time="0.775">
    <failure message="
Parameter &apos;browser&apos; is required by BeforeMethod on method startBrowser but has not been marked @Optional or defined
" type="org.testng.TestNGException">org.testng.TestNGException: 
Parameter &apos;browser&apos; is required by BeforeMethod on method startBrowser but has not been marked @Optional or defined

	at org.testng.internal.Parameters.createParams(Parameters.java:290)
	at org.testng.internal.Parameters.createParametersForMethod(Parameters.java:359)
	at org.testng.internal.Parameters.createParameters(Parameters.java:620)
	at org.testng.internal.Parameters.createConfigurationParameters(Parameters.java:190)
	at org.testng.internal.Invoker.invokeConfigurations(Invoker.java:209)
	at org.testng.internal.Invoker.invokeMethod(Invoker.java:523)
	at org.testng.internal.Invoker.invokeTestMethod(Invoker.java:719)
	at org.testng.internal.Invoker.invokeTestMethods(Invoker.java:989)
	at org.testng.internal.TestMethodWorker.invokeTestMethods(TestMethodWorker.java:125)
	at org.testng.internal.TestMethodWorker.run(TestMethodWorker.java:109)
	at org.testng.TestRunner.privateRun(TestRunner.java:648)
	at org.testng.TestRunner.run(TestRunner.java:505)
	at org.testng.SuiteRunner.runTest(SuiteRunner.java:455)
	at org.testng.SuiteRunner.runSequentially(SuiteRunner.java:450)
	at org.testng.SuiteRunner.privateRun(SuiteRunner.java:415)
	at org.testng.SuiteRunner.run(SuiteRunner.java:364)
	at org.testng.SuiteRunnerWorker.runSuite(SuiteRunnerWorker.java:52)
	at org.testng.SuiteRunnerWorker.run(SuiteRunnerWorker.java:84)
	at org.testng.TestNG.runSuitesSequentially(TestNG.java:1208)
	at org.testng.TestNG.runSuitesLocally(TestNG.java:1137)
	at org.testng.TestNG.runSuites(TestNG.java:1049)
	at org.testng.TestNG.run(TestNG.java:1017)
	at org.apache.maven.surefire.testng.TestNGExecutor.run(TestNGExecutor.java:77)
	at org.apache.maven.surefire.testng.TestNGDirectoryTestSuite.execute(TestNGDirectoryTestSuite.java:110)
	at org.apache.maven.surefire.testng.TestNGProvider.invoke(TestNGProvider.java:106)
	at sun.reflect.NativeMethodAccessorImpl.invoke0(Native Method)
	at sun.reflect.NativeMethodAccessorImpl.invoke(Unknown Source)
	at sun.reflect.DelegatingMethodAccessorImpl.invoke(Unknown Source)
	at java.lang.reflect.Method.invoke(Unknown Source)
	at org.apache.maven.surefire.util.ReflectionUtils.invokeMethodWithArray(ReflectionUtils.java:189)
	at org.apache.maven.surefire.booter.ProviderFactory$ProviderProxy.invoke(ProviderFactory.java:165)
	at org.apache.maven.surefire.booter.ProviderFactory.invokeProvider(ProviderFactory.java:85)
	at org.apache.maven.surefire.booter.ForkedBooter.runSuitesInProcess(ForkedBooter.java:115)
	at org.apache.maven.surefire.booter.ForkedBooter.main(ForkedBooter.java:75)
</failure>
    <system-out>Configuring TestNG with: org.apache.maven.surefire.testng.conf.TestNG652Configurator@6d8acf
</system-out>
    <system-err>ERROR StatusLogger No Log4j 2 configuration file found. Using default configuration (logging only errors to the console), or user programmatically provided configurations. Set system property &apos;log4j2.debug&apos; to show Log4j 2 internal initialization logging. See https://logging.apache.org/log4j/2.x/manual/configuration.html for instructions on how to configure Log4j 2
</system-err>
  </testcase>
  <testcase classname="com.amazon.TestRun" name="runScenario" time="0.776">
    <skipped/>
  </testcase>
  <testcase classname="com.amazon.TestRun" name="quitDriver" time="0.776">
    <skipped/>
  </testcase>
  <testcase classname="com.amazon.TestRun" name="startBrowser" time="0.776">
    <skipped/>
  </testcase>
  <testcase classname="com.amazon.TestRun" name="runScenario" time="0.776">
    <skipped/>
  </testcase>
  <testcase classname="com.amazon.TestRun" name="quitDriver" time="0.776">
    <skipped/>
  </testcase>
</testsuite>